<?xml version="1.0" encoding="UTF-8"?>
<testng-results skipped="0" failed="0" ignored="0" total="1" passed="1">
  <reporter-output>
  </reporter-output>
  <suite name="Default suite" duration-ms="32928" started-at="2017-06-02T17:08:56Z" finished-at="2017-06-02T17:09:29Z">
    <groups>
    </groups>
    <test name="Default test" duration-ms="32928" started-at="2017-06-02T17:08:56Z" finished-at="2017-06-02T17:09:29Z">
      <class name="web.tables.DynamicTable">
        <test-method status="PASS" signature="startUp()[pri:0, instance:web.tables.DynamicTable@cc285f4]" name="startUp" is-config="true" duration-ms="9576" started-at="2017-06-02T22:38:56Z" finished-at="2017-06-02T22:39:06Z">
          <reporter-output>
          </reporter-output>
        </test-method> <!-- startUp -->
        <test-method status="PASS" signature="tableTest()[pri:0, instance:web.tables.DynamicTable@cc285f4]" name="tableTest" duration-ms="23292" started-at="2017-06-02T22:39:06Z" finished-at="2017-06-02T22:39:29Z">
          <reporter-output>
          </reporter-output>
        </test-method> <!-- tableTest -->
        <test-method status="PASS" signature="tearDown()[pri:0, instance:web.tables.DynamicTable@cc285f4]" name="tearDown" is-config="true" duration-ms="54" started-at="2017-06-02T22:39:29Z" finished-at="2017-06-02T22:39:29Z">
          <reporter-output>
          </reporter-output>
        </test-method> <!-- tearDown -->
      </class> <!-- web.tables.DynamicTable -->
    </test> <!-- Default test -->
  </suite> <!-- Default suite -->
</testng-results>
